2020-10-29T17:14:47: LogHost: Initializing to normal mode
2020-10-29T17:14:47: LogHost: SuppressChangeNotifications was called (perhaps via AddRange), yet you do not
2020-10-29T17:14:47: LogHost: have a subscription to ShouldReset. This probably isn't what you want, as ItemsAdded
2020-10-29T17:14:47: LogHost: and friends will appear to 'miss' items
2020-10-29T17:14:48: Could not obtain git dir, C:\Users\zatonskikh\AppData\Local\SourceTree\app-3.3.9 is not a git repo.
2020-10-29T17:14:48: Could not obtain git dir, C:\Users\zatonskikh\AppData\Local\SourceTree is not a git repo.
2020-10-29T17:14:48: Could not obtain git dir, C:\Users\zatonskikh\AppData\Local is not a git repo.
2020-10-29T17:14:48: Could not obtain git dir, C:\Users\zatonskikh\AppData is not a git repo.
2020-10-29T17:14:48: Could not obtain git dir, C:\Users\zatonskikh is not a git repo.
2020-10-29T17:14:48: Could not obtain git dir, C:\Users is not a git repo.
2020-10-29T17:14:48: Could not obtain git dir, C:\ is not a git repo.
2020-10-29T17:14:48: VaultClient::ReadCredentials
2020-10-29T17:16:48: VaultClient::WriteCredential
2020-10-29T17:16:48: VaultClient::WriteCredential
2020-10-29T17:16:48: VaultClient::WriteCredential
2020-10-29T17:16:48: VaultClient::ReadCredentials
2020-10-29T17:16:48: VaultClient::ReadCredentials
2020-10-29T17:16:56: VaultClient::WriteCredential
2020-10-29T17:16:56: VaultClient::WriteCredential
2020-10-29T17:16:56: VaultClient::WriteCredential
2020-10-29T17:16:56: VaultClient::ReadCredentials
2020-10-29T17:16:56: VaultClient::ReadCredentials
2020-10-29T17:17:09: VaultClient::ReadCredentials
2020-10-29T17:17:11: VaultClient::ReadCredentials
2020-10-29T17:17:16: VaultClient::ReadCredentials
2020-10-29T17:17:18: VaultClient::ReadCredentials
2020-10-29T17:17:22: VaultClient::ReadCredentials
2020-10-29T17:18:31: VaultClient::ReadCredentials
2020-10-29T17:21:19: VaultClient::ReadCredentials
2020-10-29T17:21:20: VaultClient::ReadCredentials
2020-10-29T17:21:22: VaultClient::ReadCredentials
2020-10-29T17:22:08: ReactiveList`1: Property change notifications are enabled and type SourceTree.Model.RepositoryRemoteProjectLink isn't INotifyPropertyChanged or IReactiveObject
2020-10-29T17:24:10: ReactiveList`1: Property change notifications are enabled and type SourceTree.Model.RepositoryRemoteProjectLink isn't INotifyPropertyChanged or IReactiveObject
