2020-10-29T17:00:56: LogHost: Initializing to normal mode
2020-10-29T17:03:06: VaultClient::WriteCredential
2020-10-29T17:03:06: VaultClient::WriteCredential
2020-10-29T17:03:06: VaultClient::WriteCredential
2020-10-29T17:03:06: VaultClient::WriteCredential
2020-10-29T17:03:06: VaultClient::WriteCredential
2020-10-29T17:03:06: VaultClient::WriteCredential
2020-10-29T17:03:06: VaultClient::ReadCredentials
2020-10-29T17:03:07: VaultClient::ReadCredentials
2020-10-29T17:03:53: LogHost: SuppressChangeNotifications was called (perhaps via AddRange), yet you do not
2020-10-29T17:03:53: LogHost: have a subscription to ShouldReset. This probably isn't what you want, as ItemsAdded
2020-10-29T17:03:53: LogHost: and friends will appear to 'miss' items
2020-10-29T17:03:53: Could not obtain git dir, C:\Users\zatonskikh\AppData\Local\SourceTree\app-3.3.9 is not a git repo.
2020-10-29T17:03:53: Could not obtain git dir, C:\Users\zatonskikh\AppData\Local\SourceTree is not a git repo.
2020-10-29T17:03:53: Could not obtain git dir, C:\Users\zatonskikh\AppData\Local is not a git repo.
2020-10-29T17:03:53: Could not obtain git dir, C:\Users\zatonskikh\AppData is not a git repo.
2020-10-29T17:03:53: Could not obtain git dir, C:\Users\zatonskikh is not a git repo.
2020-10-29T17:03:53: Could not obtain git dir, C:\Users is not a git repo.
2020-10-29T17:03:53: Could not obtain git dir, C:\ is not a git repo.
2020-10-29T17:03:53: VaultClient::ReadCredentials
2020-10-29T17:04:04: VaultClient::ReadCredentials
2020-10-29T17:04:15: VaultClient::WriteCredential
2020-10-29T17:04:15: VaultClient::WriteCredential
2020-10-29T17:04:15: VaultClient::WriteCredential
2020-10-29T17:04:15: VaultClient::WriteCredential
2020-10-29T17:04:15: VaultClient::WriteCredential
2020-10-29T17:04:15: VaultClient::WriteCredential
2020-10-29T17:04:15: VaultClient::ReadCredentials
2020-10-29T17:04:16: VaultClient::ReadCredentials
2020-10-29T17:04:16: VaultClient::ReadCredentials
2020-10-29T17:04:46: VaultClient::ReadCredentials
2020-10-29T17:04:46: VaultClient::ReadCredentials
