00:00:00.077950 VirtualBox DHCP Server 6.1.14 r140239 win.amd64 (Sep  4 2020 08:29:00) release log
00:00:00.077952 Log opened 2020-10-15T08:04:52.730939200Z
00:00:00.077953 Build Type: release
00:00:00.077955 OS Product: Windows 10
00:00:00.077956 OS Release: 10.0.18363
00:00:00.077957 OS Service Pack: 
00:00:00.347726 DMI Product Name: Latitude 5511
00:00:00.356471 DMI Product Version: 
00:00:00.356478 Firmware type: UEFI
00:00:00.356922 Secure Boot: VERR_PRIVILEGE_NOT_HELD
00:00:00.356933 Host RAM: 32365MB (31.6GB) total, 24490MB (23.9GB) available
00:00:00.356936 Executable: C:\Program Files\Oracle\VirtualBox\VBoxNetDHCP.exe
00:00:00.356936 Process ID: 2364
00:00:00.356937 Package type: WINDOWS_64BITS_GENERIC
00:00:00.357011 --config:  HostInterfaceNetworking-VirtualBox Host-Only Ethernet Adapter
00:00:00.357019 --comment: HostInterfaceNetworking-VirtualBox Host-Only Ethernet Adapter
00:00:00.606017 IP address:   192.168.56.100/24
00:00:00.606028 Address pool: 192.168.56.101 - 192.168.56.254
00:00:00.606112 MAC address is not specified: will use generated MAC 08:00:27:0d:1f:81
00:00:00.606127 Db::i_enterFixedAddressAssignment: 08:00:27:0d:1f:81: 192.168.56.100
00:00:00.606143 loading leases from C:\Users\zatonskikh\.VirtualBox\HostInterfaceNetworking-VirtualBox Host-Only Ethernet Adapter-Dhcpd.leases
00:00:00.606845 > LOAD: EXPIRED lease 192.168.56.101 to [01:08:00:27:fe:93:f0] (08:00:27:fe:93:f0), expired, valid from 2020-10-07T15:45:20Z for 600s until 2020-10-07T15:55:20Z
00:00:07.555200 REQUEST xid 0x2423bcbc chaddr 08:00:27:fe:93:f0
00:00:07.555220  ciaddr 0.0.0.0
00:00:07.555226  client id: 01 08 00 27 fe 93 f0
00:00:07.555230  requested address 192.168.56.101
00:00:07.555236  params { 1 2 6 12 15 26 28 121 3 33 40 41 42 119 249 252 17 }
00:00:07.555283   12: 'alexey-VirtualBox'
00:00:07.555286   57: 02 40
00:00:07.555321 > allocateAddress 192.168.56.101 to client [01:08:00:27:fe:93:f0] (08:00:27:fe:93:f0)
00:00:07.555348 > ... found existing binding 192.168.56.101 to [01:08:00:27:fe:93:f0] (08:00:27:fe:93:f0), expired, valid from 2020-10-07T15:45:20Z for 600s until 2020-10-07T15:55:20Z
00:00:07.555370 Lease time 600 secs (default)
00:00:07.555374 writing leases to C:\Users\zatonskikh\.VirtualBox\HostInterfaceNetworking-VirtualBox Host-Only Ethernet Adapter-Dhcpd.leases
00:00:07.559082 >>> requested option 1 (SubnetMask)
00:00:07.559090 ... always supplied
00:00:07.559093 >>> requested option 2 (TimeOffset)
00:00:07.559097 ... not found
00:00:07.559100 >>> requested option 6 (DNSes)
00:00:07.559103 ... not found
00:00:07.559106 >>> requested option 12 (HostName)
00:00:07.559137 ... not found
00:00:07.559140 >>> requested option 15 (DomainName)
00:00:07.559144 ... not found
00:00:07.559147 >>> requested option 26 (InterfaceMTU)
00:00:07.559150 ... not found
00:00:07.559154 >>> requested option 28 (BroadcastAddress)
00:00:07.559157 ... not found
00:00:07.559160 >>> requested option 121 (unknown)
00:00:07.559164 ... not found
00:00:07.559167 >>> requested option 3 (Routers)
00:00:07.559170 ... not found
00:00:07.559173 >>> requested option 33 (StaticRoute)
00:00:07.559191 ... not found
00:00:07.559195 >>> requested option 40 (NISDomain)
00:00:07.559198 ... not found
00:00:07.559201 >>> requested option 41 (NISServers)
00:00:07.559204 ... not found
00:00:07.559207 >>> requested option 42 (NTPServers)
00:00:07.559210 ... not found
00:00:07.559213 >>> requested option 119 (DomainSearch)
00:00:07.559216 ... not found
00:00:07.559219 >>> requested option 249 (unknown)
00:00:07.559222 ... not found
00:00:07.559225 >>> requested option 252 (unknown)
00:00:07.559228 ... not found
00:00:07.559231 >>> requested option 17 (RootPath)
00:00:07.559234 ... not found
00:00:07.559240 encoding option 1 (SubnetMask)
00:00:07.559243 encoding option 51 (LeaseTime)
00:00:07.559247 ACK xid 0x2423bcbc chaddr 08:00:27:fe:93:f0
00:00:07.559257  ciaddr 0.0.0.0 yiaddr 192.168.56.101
00:00:07.559267 encoded message: 548 bytes
00:00:07.559267 0000000001d066e0/0000: 02 01 06 00 bc bc 23 24-00 00 00 00 00 00 00 00 ......#$........
00:00:07.559271 0000000001d066f0/0010: c0 a8 38 65 00 00 00 00-00 00 00 00 08 00 27 fe ..8e..........'.
00:00:07.559273 0000000001d06700/0020: 93 f0 00 00 00 00 00 00-00 00 00 00 00 00 00 00 ................
00:00:07.559274 0000000001d06710/0030: 00 00 00 00 00 00 00 00-00 00 00 00 00 00 00 00 ................
00:00:07.559275 0000000001d06720/0040: 00 00 00 00 00 00 00 00-00 00 00 00 00 00 00 00 ................
00:00:07.559276 0000000001d06730/0050: 00 00 00 00 00 00 00 00-00 00 00 00 00 00 00 00 ................
00:00:07.559278 0000000001d06740/0060: 00 00 00 00 00 00 00 00-00 00 00 00 00 00 00 00 ................
00:00:07.559279 0000000001d06750/0070: 00 00 00 00 00 00 00 00-00 00 00 00 00 00 00 00 ................
00:00:07.559280 0000000001d06760/0080: 00 00 00 00 00 00 00 00-00 00 00 00 00 00 00 00 ................
00:00:07.559281 0000000001d06770/0090: 00 00 00 00 00 00 00 00-00 00 00 00 00 00 00 00 ................
00:00:07.559282 0000000001d06780/00a0: 00 00 00 00 00 00 00 00-00 00 00 00 00 00 00 00 ................
00:00:07.559283 0000000001d06790/00b0: 00 00 00 00 00 00 00 00-00 00 00 00 00 00 00 00 ................
00:00:07.559284 0000000001d067a0/00c0: 00 00 00 00 00 00 00 00-00 00 00 00 00 00 00 00 ................
00:00:07.559285 0000000001d067b0/00d0: 00 00 00 00 00 00 00 00-00 00 00 00 00 00 00 00 ................
00:00:07.559287 0000000001d067c0/00e0: 00 00 00 00 00 00 00 00-00 00 00 00 63 82 53 63 ............c.Sc
00:00:07.559288 0000000001d067d0/00f0: 36 04 c0 a8 38 64 35 01-05 01 04 ff ff ff 00 33 6...8d5........3
00:00:07.559289 0000000001d067e0/0100: 04 00 00 02 58 ff 00 00-00 00 00 00 00 00 00 00 ....X...........
00:00:07.559290 0000000001d067f0/0110: 00 00 00 00 00 00 00 00-00 00 00 00 00 00 00 00 ................
00:00:07.559291 0000000001d06800/0120: 00 00 00 00 00 00 00 00-00 00 00 00 00 00 00 00 ................
00:00:07.559292 0000000001d06810/0130: 00 00 00 00 00 00 00 00-00 00 00 00 00 00 00 00 ................
00:00:07.559294 0000000001d06820/0140: 00 00 00 00 00 00 00 00-00 00 00 00 00 00 00 00 ................
00:00:07.559295 0000000001d06830/0150: 00 00 00 00 00 00 00 00-00 00 00 00 00 00 00 00 ................
00:00:07.559296 0000000001d06840/0160: 00 00 00 00 00 00 00 00-00 00 00 00 00 00 00 00 ................
00:00:07.559297 0000000001d06850/0170: 00 00 00 00 00 00 00 00-00 00 00 00 00 00 00 00 ................
00:00:07.559298 0000000001d06860/0180: 00 00 00 00 00 00 00 00-00 00 00 00 00 00 00 00 ................
00:00:07.559299 0000000001d06870/0190: 00 00 00 00 00 00 00 00-00 00 00 00 00 00 00 00 ................
00:00:07.559300 0000000001d06880/01a0: 00 00 00 00 00 00 00 00-00 00 00 00 00 00 00 00 ................
00:00:07.559301 0000000001d06890/01b0: 00 00 00 00 00 00 00 00-00 00 00 00 00 00 00 00 ................
00:00:07.559302 0000000001d068a0/01c0: 00 00 00 00 00 00 00 00-00 00 00 00 00 00 00 00 ................
00:00:07.559304 0000000001d068b0/01d0: 00 00 00 00 00 00 00 00-00 00 00 00 00 00 00 00 ................
00:00:07.559305 0000000001d068c0/01e0: 00 00 00 00 00 00 00 00-00 00 00 00 00 00 00 00 ................
00:00:07.559306 0000000001d068d0/01f0: 00 00 00 00 00 00 00 00-00 00 00 00 00 00 00 00 ................
00:00:07.559307 0000000001d068e0/0200: 00 00 00 00 00 00 00 00-00 00 00 00 00 00 00 00 ................
00:00:07.559308 0000000001d068f0/0210: 00 00 00 00 00 00 00 00-00 00 00 00 00 00 00 00 ................
00:00:07.559309 0000000001d06900/0220: 00 00 00 00                                     ....
00:05:07.555552 REQUEST xid 0xdc49480b chaddr 08:00:27:fe:93:f0
00:05:07.555637  ciaddr 192.168.56.101
00:05:07.555663  client id: 01 08 00 27 fe 93 f0
00:05:07.555680  params { 1 2 6 12 15 26 28 121 3 33 40 41 42 119 249 252 17 }
00:05:07.555863   12: 'alexey-VirtualBox'
00:05:07.555875   57: ff ff
00:05:07.555894 > allocateAddress to client [01:08:00:27:fe:93:f0] (08:00:27:fe:93:f0)
00:05:07.555917 > ... found existing binding 192.168.56.101 to [01:08:00:27:fe:93:f0] (08:00:27:fe:93:f0), acked, valid from 2020-10-15T08:05:00Z for 600s until 2020-10-15T08:15:00Z
00:05:07.555951 Lease time 600 secs (default)
00:05:07.555969 writing leases to C:\Users\zatonskikh\.VirtualBox\HostInterfaceNetworking-VirtualBox Host-Only Ethernet Adapter-Dhcpd.leases
00:05:07.598126 >>> requested option 1 (SubnetMask)
00:05:07.598157 ... always supplied
00:05:07.598170 >>> requested option 2 (TimeOffset)
00:05:07.598183 ... not found
00:05:07.598195 >>> requested option 6 (DNSes)
00:05:07.598206 ... not found
00:05:07.598217 >>> requested option 12 (HostName)
00:05:07.598229 ... not found
00:05:07.598239 >>> requested option 15 (DomainName)
00:05:07.598251 ... not found
00:05:07.598261 >>> requested option 26 (InterfaceMTU)
00:05:07.598273 ... not found
00:05:07.598285 >>> requested option 28 (BroadcastAddress)
00:05:07.598296 ... not found
00:05:07.598308 >>> requested option 121 (unknown)
00:05:07.598319 ... not found
00:05:07.598330 >>> requested option 3 (Routers)
00:05:07.598341 ... not found
00:05:07.598352 >>> requested option 33 (StaticRoute)
00:05:07.598364 ... not found
00:05:07.598375 >>> requested option 40 (NISDomain)
00:05:07.598387 ... not found
00:05:07.598398 >>> requested option 41 (NISServers)
00:05:07.598409 ... not found
00:05:07.598420 >>> requested option 42 (NTPServers)
00:05:07.598431 ... not found
00:05:07.598442 >>> requested option 119 (DomainSearch)
00:05:07.598454 ... not found
00:05:07.598465 >>> requested option 249 (unknown)
00:05:07.598477 ... not found
00:05:07.598488 >>> requested option 252 (unknown)
00:05:07.598499 ... not found
00:05:07.598510 >>> requested option 17 (RootPath)
00:05:07.598521 ... not found
00:05:07.598543 encoding option 1 (SubnetMask)
00:05:07.598557 encoding option 51 (LeaseTime)
00:05:07.598573 ACK xid 0xdc49480b chaddr 08:00:27:fe:93:f0
00:05:07.598612  ciaddr 192.168.56.101 yiaddr 192.168.56.101
00:05:07.598648 encoded message: 548 bytes
00:05:07.598652 0000000001d066e0/0000: 02 01 06 00 0b 48 49 dc-00 00 00 00 c0 a8 38 65 .....HI.......8e
00:05:07.598659 0000000001d066f0/0010: c0 a8 38 65 00 00 00 00-00 00 00 00 08 00 27 fe ..8e..........'.
00:05:07.598664 0000000001d06700/0020: 93 f0 00 00 00 00 00 00-00 00 00 00 00 00 00 00 ................
00:05:07.598669 0000000001d06710/0030: 00 00 00 00 00 00 00 00-00 00 00 00 00 00 00 00 ................
00:05:07.598673 0000000001d06720/0040: 00 00 00 00 00 00 00 00-00 00 00 00 00 00 00 00 ................
00:05:07.598678 0000000001d06730/0050: 00 00 00 00 00 00 00 00-00 00 00 00 00 00 00 00 ................
00:05:07.598682 0000000001d06740/0060: 00 00 00 00 00 00 00 00-00 00 00 00 00 00 00 00 ................
00:05:07.598686 0000000001d06750/0070: 00 00 00 00 00 00 00 00-00 00 00 00 00 00 00 00 ................
00:05:07.598690 0000000001d06760/0080: 00 00 00 00 00 00 00 00-00 00 00 00 00 00 00 00 ................
00:05:07.598695 0000000001d06770/0090: 00 00 00 00 00 00 00 00-00 00 00 00 00 00 00 00 ................
00:05:07.598699 0000000001d06780/00a0: 00 00 00 00 00 00 00 00-00 00 00 00 00 00 00 00 ................
00:05:07.598708 0000000001d06790/00b0: 00 00 00 00 00 00 00 00-00 00 00 00 00 00 00 00 ................
00:05:07.598712 0000000001d067a0/00c0: 00 00 00 00 00 00 00 00-00 00 00 00 00 00 00 00 ................
00:05:07.598716 0000000001d067b0/00d0: 00 00 00 00 00 00 00 00-00 00 00 00 00 00 00 00 ................
00:05:07.598720 0000000001d067c0/00e0: 00 00 00 00 00 00 00 00-00 00 00 00 63 82 53 63 ............c.Sc
00:05:07.598725 0000000001d067d0/00f0: 36 04 c0 a8 38 64 35 01-05 01 04 ff ff ff 00 33 6...8d5........3
00:05:07.598729 0000000001d067e0/0100: 04 00 00 02 58 ff 00 00-00 00 00 00 00 00 00 00 ....X...........
00:05:07.598734 0000000001d067f0/0110: 00 00 00 00 00 00 00 00-00 00 00 00 00 00 00 00 ................
00:05:07.598738 0000000001d06800/0120: 00 00 00 00 00 00 00 00-00 00 00 00 00 00 00 00 ................
00:05:07.598743 0000000001d06810/0130: 00 00 00 00 00 00 00 00-00 00 00 00 00 00 00 00 ................
00:05:07.598747 0000000001d06820/0140: 00 00 00 00 00 00 00 00-00 00 00 00 00 00 00 00 ................
00:05:07.598751 0000000001d06830/0150: 00 00 00 00 00 00 00 00-00 00 00 00 00 00 00 00 ................
00:05:07.598756 0000000001d06840/0160: 00 00 00 00 00 00 00 00-00 00 00 00 00 00 00 00 ................
00:05:07.598760 0000000001d06850/0170: 00 00 00 00 00 00 00 00-00 00 00 00 00 00 00 00 ................
00:05:07.598764 0000000001d06860/0180: 00 00 00 00 00 00 00 00-00 00 00 00 00 00 00 00 ................
00:05:07.598768 0000000001d06870/0190: 00 00 00 00 00 00 00 00-00 00 00 00 00 00 00 00 ................
00:05:07.598773 0000000001d06880/01a0: 00 00 00 00 00 00 00 00-00 00 00 00 00 00 00 00 ................
00:05:07.598777 0000000001d06890/01b0: 00 00 00 00 00 00 00 00-00 00 00 00 00 00 00 00 ................
00:05:07.598781 0000000001d068a0/01c0: 00 00 00 00 00 00 00 00-00 00 00 00 00 00 00 00 ................
00:05:07.598785 0000000001d068b0/01d0: 00 00 00 00 00 00 00 00-00 00 00 00 00 00 00 00 ................
00:05:07.598790 0000000001d068c0/01e0: 00 00 00 00 00 00 00 00-00 00 00 00 00 00 00 00 ................
00:05:07.598794 0000000001d068d0/01f0: 00 00 00 00 00 00 00 00-00 00 00 00 00 00 00 00 ................
00:05:07.598798 0000000001d068e0/0200: 00 00 00 00 00 00 00 00-00 00 00 00 00 00 00 00 ................
00:05:07.598802 0000000001d068f0/0210: 00 00 00 00 00 00 00 00-00 00 00 00 00 00 00 00 ................
00:05:07.598806 0000000001d06900/0220: 00 00 00 00                                     ....
00:10:07.555562 REQUEST xid 0x45538db6 chaddr 08:00:27:fe:93:f0
00:10:07.555653  ciaddr 192.168.56.101
00:10:07.555682  client id: 01 08 00 27 fe 93 f0
00:10:07.555702  params { 1 2 6 12 15 26 28 121 3 33 40 41 42 119 249 252 17 }
00:10:07.555904   12: 'alexey-VirtualBox'
00:10:07.555917   57: ff ff
00:10:07.555939 > allocateAddress to client [01:08:00:27:fe:93:f0] (08:00:27:fe:93:f0)
00:10:07.555962 > ... found existing binding 192.168.56.101 to [01:08:00:27:fe:93:f0] (08:00:27:fe:93:f0), acked, valid from 2020-10-15T08:10:00Z for 600s until 2020-10-15T08:20:00Z
00:10:07.555998 Lease time 600 secs (default)
00:10:07.556017 writing leases to C:\Users\zatonskikh\.VirtualBox\HostInterfaceNetworking-VirtualBox Host-Only Ethernet Adapter-Dhcpd.leases
00:10:07.598873 >>> requested option 1 (SubnetMask)
00:10:07.598903 ... always supplied
00:10:07.598916 >>> requested option 2 (TimeOffset)
00:10:07.598929 ... not found
00:10:07.598940 >>> requested option 6 (DNSes)
00:10:07.598951 ... not found
00:10:07.598962 >>> requested option 12 (HostName)
00:10:07.598974 ... not found
00:10:07.598984 >>> requested option 15 (DomainName)
00:10:07.598996 ... not found
00:10:07.599007 >>> requested option 26 (InterfaceMTU)
00:10:07.599019 ... not found
00:10:07.599030 >>> requested option 28 (BroadcastAddress)
00:10:07.599042 ... not found
00:10:07.599052 >>> requested option 121 (unknown)
00:10:07.599064 ... not found
00:10:07.599075 >>> requested option 3 (Routers)
00:10:07.599086 ... not found
00:10:07.599097 >>> requested option 33 (StaticRoute)
00:10:07.599109 ... not found
00:10:07.599121 >>> requested option 40 (NISDomain)
00:10:07.599133 ... not found
00:10:07.599143 >>> requested option 41 (NISServers)
00:10:07.599155 ... not found
00:10:07.599165 >>> requested option 42 (NTPServers)
00:10:07.599176 ... not found
00:10:07.599188 >>> requested option 119 (DomainSearch)
00:10:07.599200 ... not found
00:10:07.599211 >>> requested option 249 (unknown)
00:10:07.599222 ... not found
00:10:07.599233 >>> requested option 252 (unknown)
00:10:07.599244 ... not found
00:10:07.599255 >>> requested option 17 (RootPath)
00:10:07.599266 ... not found
00:10:07.599289 encoding option 1 (SubnetMask)
00:10:07.599302 encoding option 51 (LeaseTime)
00:10:07.599318 ACK xid 0x45538db6 chaddr 08:00:27:fe:93:f0
00:10:07.599356  ciaddr 192.168.56.101 yiaddr 192.168.56.101
00:10:07.599393 encoded message: 548 bytes
00:10:07.599397 0000000001d066e0/0000: 02 01 06 00 b6 8d 53 45-00 00 00 00 c0 a8 38 65 ......SE......8e
00:10:07.599404 0000000001d066f0/0010: c0 a8 38 65 00 00 00 00-00 00 00 00 08 00 27 fe ..8e..........'.
00:10:07.599409 0000000001d06700/0020: 93 f0 00 00 00 00 00 00-00 00 00 00 00 00 00 00 ................
00:10:07.599414 0000000001d06710/0030: 00 00 00 00 00 00 00 00-00 00 00 00 00 00 00 00 ................
00:10:07.599418 0000000001d06720/0040: 00 00 00 00 00 00 00 00-00 00 00 00 00 00 00 00 ................
00:10:07.599423 0000000001d06730/0050: 00 00 00 00 00 00 00 00-00 00 00 00 00 00 00 00 ................
00:10:07.599427 0000000001d06740/0060: 00 00 00 00 00 00 00 00-00 00 00 00 00 00 00 00 ................
00:10:07.599431 0000000001d06750/0070: 00 00 00 00 00 00 00 00-00 00 00 00 00 00 00 00 ................
00:10:07.599436 0000000001d06760/0080: 00 00 00 00 00 00 00 00-00 00 00 00 00 00 00 00 ................
00:10:07.599440 0000000001d06770/0090: 00 00 00 00 00 00 00 00-00 00 00 00 00 00 00 00 ................
00:10:07.599444 0000000001d06780/00a0: 00 00 00 00 00 00 00 00-00 00 00 00 00 00 00 00 ................
00:10:07.599449 0000000001d06790/00b0: 00 00 00 00 00 00 00 00-00 00 00 00 00 00 00 00 ................
00:10:07.599453 0000000001d067a0/00c0: 00 00 00 00 00 00 00 00-00 00 00 00 00 00 00 00 ................
00:10:07.599457 0000000001d067b0/00d0: 00 00 00 00 00 00 00 00-00 00 00 00 00 00 00 00 ................
00:10:07.599462 0000000001d067c0/00e0: 00 00 00 00 00 00 00 00-00 00 00 00 63 82 53 63 ............c.Sc
00:10:07.599466 0000000001d067d0/00f0: 36 04 c0 a8 38 64 35 01-05 01 04 ff ff ff 00 33 6...8d5........3
00:10:07.599471 0000000001d067e0/0100: 04 00 00 02 58 ff 00 00-00 00 00 00 00 00 00 00 ....X...........
00:10:07.599475 0000000001d067f0/0110: 00 00 00 00 00 00 00 00-00 00 00 00 00 00 00 00 ................
00:10:07.599480 0000000001d06800/0120: 00 00 00 00 00 00 00 00-00 00 00 00 00 00 00 00 ................
00:10:07.599484 0000000001d06810/0130: 00 00 00 00 00 00 00 00-00 00 00 00 00 00 00 00 ................
00:10:07.599488 0000000001d06820/0140: 00 00 00 00 00 00 00 00-00 00 00 00 00 00 00 00 ................
00:10:07.599493 0000000001d06830/0150: 00 00 00 00 00 00 00 00-00 00 00 00 00 00 00 00 ................
00:10:07.599497 0000000001d06840/0160: 00 00 00 00 00 00 00 00-00 00 00 00 00 00 00 00 ................
00:10:07.599501 0000000001d06850/0170: 00 00 00 00 00 00 00 00-00 00 00 00 00 00 00 00 ................
00:10:07.599506 0000000001d06860/0180: 00 00 00 00 00 00 00 00-00 00 00 00 00 00 00 00 ................
00:10:07.599510 0000000001d06870/0190: 00 00 00 00 00 00 00 00-00 00 00 00 00 00 00 00 ................
00:10:07.599514 0000000001d06880/01a0: 00 00 00 00 00 00 00 00-00 00 00 00 00 00 00 00 ................
00:10:07.599518 0000000001d06890/01b0: 00 00 00 00 00 00 00 00-00 00 00 00 00 00 00 00 ................
00:10:07.599523 0000000001d068a0/01c0: 00 00 00 00 00 00 00 00-00 00 00 00 00 00 00 00 ................
00:10:07.599527 0000000001d068b0/01d0: 00 00 00 00 00 00 00 00-00 00 00 00 00 00 00 00 ................
00:10:07.599531 0000000001d068c0/01e0: 00 00 00 00 00 00 00 00-00 00 00 00 00 00 00 00 ................
00:10:07.599535 0000000001d068d0/01f0: 00 00 00 00 00 00 00 00-00 00 00 00 00 00 00 00 ................
00:10:07.599540 0000000001d068e0/0200: 00 00 00 00 00 00 00 00-00 00 00 00 00 00 00 00 ................
00:10:07.599544 0000000001d068f0/0210: 00 00 00 00 00 00 00 00-00 00 00 00 00 00 00 00 ................
00:10:07.599548 0000000001d06900/0220: 00 00 00 00                                     ....
00:15:07.555422 REQUEST xid 0x96dc315d chaddr 08:00:27:fe:93:f0
00:15:07.555451  ciaddr 192.168.56.101
00:15:07.555459  client id: 01 08 00 27 fe 93 f0
00:15:07.555465  params { 1 2 6 12 15 26 28 121 3 33 40 41 42 119 249 252 17 }
00:15:07.555523   12: 'alexey-VirtualBox'
00:15:07.555527   57: ff ff
00:15:07.555533 > allocateAddress to client [01:08:00:27:fe:93:f0] (08:00:27:fe:93:f0)
00:15:07.555540 > ... found existing binding 192.168.56.101 to [01:08:00:27:fe:93:f0] (08:00:27:fe:93:f0), acked, valid from 2020-10-15T08:15:00Z for 600s until 2020-10-15T08:25:00Z
00:15:07.555551 Lease time 600 secs (default)
00:15:07.555557 writing leases to C:\Users\zatonskikh\.VirtualBox\HostInterfaceNetworking-VirtualBox Host-Only Ethernet Adapter-Dhcpd.leases
00:15:07.572641 >>> requested option 1 (SubnetMask)
00:15:07.572651 ... always supplied
00:15:07.572655 >>> requested option 2 (TimeOffset)
00:15:07.572673 ... not found
00:15:07.572677 >>> requested option 6 (DNSes)
00:15:07.572680 ... not found
00:15:07.572683 >>> requested option 12 (HostName)
00:15:07.572687 ... not found
00:15:07.572690 >>> requested option 15 (DomainName)
00:15:07.572693 ... not found
00:15:07.572696 >>> requested option 26 (InterfaceMTU)
00:15:07.572700 ... not found
00:15:07.572703 >>> requested option 28 (BroadcastAddress)
00:15:07.572706 ... not found
00:15:07.572709 >>> requested option 121 (unknown)
00:15:07.572713 ... not found
00:15:07.572716 >>> requested option 3 (Routers)
00:15:07.572719 ... not found
00:15:07.572723 >>> requested option 33 (StaticRoute)
00:15:07.572726 ... not found
00:15:07.572729 >>> requested option 40 (NISDomain)
00:15:07.572732 ... not found
00:15:07.572735 >>> requested option 41 (NISServers)
00:15:07.572739 ... not found
00:15:07.572742 >>> requested option 42 (NTPServers)
00:15:07.572745 ... not found
00:15:07.572749 >>> requested option 119 (DomainSearch)
00:15:07.572752 ... not found
00:15:07.572755 >>> requested option 249 (unknown)
00:15:07.572758 ... not found
00:15:07.572761 >>> requested option 252 (unknown)
00:15:07.572765 ... not found
00:15:07.572768 >>> requested option 17 (RootPath)
00:15:07.572771 ... not found
00:15:07.572779 encoding option 1 (SubnetMask)
00:15:07.572782 encoding option 51 (LeaseTime)
00:15:07.572788 ACK xid 0x96dc315d chaddr 08:00:27:fe:93:f0
00:15:07.572799  ciaddr 192.168.56.101 yiaddr 192.168.56.101
00:15:07.572810 encoded message: 548 bytes
00:15:07.572811 0000000001ce5a00/0000: 02 01 06 00 5d 31 dc 96-00 00 00 00 c0 a8 38 65 ....]1........8e
00:15:07.572813 0000000001ce5a10/0010: c0 a8 38 65 00 00 00 00-00 00 00 00 08 00 27 fe ..8e..........'.
00:15:07.572815 0000000001ce5a20/0020: 93 f0 00 00 00 00 00 00-00 00 00 00 00 00 00 00 ................
00:15:07.572816 0000000001ce5a30/0030: 00 00 00 00 00 00 00 00-00 00 00 00 00 00 00 00 ................
00:15:07.572817 0000000001ce5a40/0040: 00 00 00 00 00 00 00 00-00 00 00 00 00 00 00 00 ................
00:15:07.572819 0000000001ce5a50/0050: 00 00 00 00 00 00 00 00-00 00 00 00 00 00 00 00 ................
00:15:07.572820 0000000001ce5a60/0060: 00 00 00 00 00 00 00 00-00 00 00 00 00 00 00 00 ................
00:15:07.572821 0000000001ce5a70/0070: 00 00 00 00 00 00 00 00-00 00 00 00 00 00 00 00 ................
00:15:07.572823 0000000001ce5a80/0080: 00 00 00 00 00 00 00 00-00 00 00 00 00 00 00 00 ................
00:15:07.572824 0000000001ce5a90/0090: 00 00 00 00 00 00 00 00-00 00 00 00 00 00 00 00 ................
00:15:07.572825 0000000001ce5aa0/00a0: 00 00 00 00 00 00 00 00-00 00 00 00 00 00 00 00 ................
00:15:07.572826 0000000001ce5ab0/00b0: 00 00 00 00 00 00 00 00-00 00 00 00 00 00 00 00 ................
00:15:07.572827 0000000001ce5ac0/00c0: 00 00 00 00 00 00 00 00-00 00 00 00 00 00 00 00 ................
00:15:07.572829 0000000001ce5ad0/00d0: 00 00 00 00 00 00 00 00-00 00 00 00 00 00 00 00 ................
00:15:07.572830 0000000001ce5ae0/00e0: 00 00 00 00 00 00 00 00-00 00 00 00 63 82 53 63 ............c.Sc
00:15:07.572831 0000000001ce5af0/00f0: 36 04 c0 a8 38 64 35 01-05 01 04 ff ff ff 00 33 6...8d5........3
00:15:07.572833 0000000001ce5b00/0100: 04 00 00 02 58 ff 00 00-00 00 00 00 00 00 00 00 ....X...........
00:15:07.572834 0000000001ce5b10/0110: 00 00 00 00 00 00 00 00-00 00 00 00 00 00 00 00 ................
00:15:07.572835 0000000001ce5b20/0120: 00 00 00 00 00 00 00 00-00 00 00 00 00 00 00 00 ................
00:15:07.572836 0000000001ce5b30/0130: 00 00 00 00 00 00 00 00-00 00 00 00 00 00 00 00 ................
00:15:07.572838 0000000001ce5b40/0140: 00 00 00 00 00 00 00 00-00 00 00 00 00 00 00 00 ................
00:15:07.572839 0000000001ce5b50/0150: 00 00 00 00 00 00 00 00-00 00 00 00 00 00 00 00 ................
00:15:07.572840 0000000001ce5b60/0160: 00 00 00 00 00 00 00 00-00 00 00 00 00 00 00 00 ................
00:15:07.572841 0000000001ce5b70/0170: 00 00 00 00 00 00 00 00-00 00 00 00 00 00 00 00 ................
00:15:07.572843 0000000001ce5b80/0180: 00 00 00 00 00 00 00 00-00 00 00 00 00 00 00 00 ................
00:15:07.572844 0000000001ce5b90/0190: 00 00 00 00 00 00 00 00-00 00 00 00 00 00 00 00 ................
00:15:07.572845 0000000001ce5ba0/01a0: 00 00 00 00 00 00 00 00-00 00 00 00 00 00 00 00 ................
00:15:07.572846 0000000001ce5bb0/01b0: 00 00 00 00 00 00 00 00-00 00 00 00 00 00 00 00 ................
00:15:07.572848 0000000001ce5bc0/01c0: 00 00 00 00 00 00 00 00-00 00 00 00 00 00 00 00 ................
00:15:07.572849 0000000001ce5bd0/01d0: 00 00 00 00 00 00 00 00-00 00 00 00 00 00 00 00 ................
00:15:07.572850 0000000001ce5be0/01e0: 00 00 00 00 00 00 00 00-00 00 00 00 00 00 00 00 ................
00:15:07.572851 0000000001ce5bf0/01f0: 00 00 00 00 00 00 00 00-00 00 00 00 00 00 00 00 ................
00:15:07.572853 0000000001ce5c00/0200: 00 00 00 00 00 00 00 00-00 00 00 00 00 00 00 00 ................
00:15:07.572854 0000000001ce5c10/0210: 00 00 00 00 00 00 00 00-00 00 00 00 00 00 00 00 ................
00:15:07.572855 0000000001ce5c20/0220: 00 00 00 00                                     ....
00:20:07.555524 REQUEST xid 0x7fe73030 chaddr 08:00:27:fe:93:f0
00:20:07.555549  ciaddr 192.168.56.101
00:20:07.555558  client id: 01 08 00 27 fe 93 f0
00:20:07.555563  params { 1 2 6 12 15 26 28 121 3 33 40 41 42 119 249 252 17 }
00:20:07.555618   12: 'alexey-VirtualBox'
00:20:07.555622   57: ff ff
00:20:07.555628 > allocateAddress to client [01:08:00:27:fe:93:f0] (08:00:27:fe:93:f0)
00:20:07.555635 > ... found existing binding 192.168.56.101 to [01:08:00:27:fe:93:f0] (08:00:27:fe:93:f0), acked, valid from 2020-10-15T08:20:00Z for 600s until 2020-10-15T08:30:00Z
00:20:07.555644 Lease time 600 secs (default)
00:20:07.555649 writing leases to C:\Users\zatonskikh\.VirtualBox\HostInterfaceNetworking-VirtualBox Host-Only Ethernet Adapter-Dhcpd.leases
00:20:07.558359 >>> requested option 1 (SubnetMask)
00:20:07.558367 ... always supplied
00:20:07.558371 >>> requested option 2 (TimeOffset)
00:20:07.558374 ... not found
00:20:07.558377 >>> requested option 6 (DNSes)
00:20:07.558381 ... not found
00:20:07.558384 >>> requested option 12 (HostName)
00:20:07.558387 ... not found
00:20:07.558391 >>> requested option 15 (DomainName)
00:20:07.558394 ... not found
00:20:07.558397 >>> requested option 26 (InterfaceMTU)
00:20:07.558400 ... not found
00:20:07.558403 >>> requested option 28 (BroadcastAddress)
00:20:07.558406 ... not found
00:20:07.558409 >>> requested option 121 (unknown)
00:20:07.558413 ... not found
00:20:07.558416 >>> requested option 3 (Routers)
00:20:07.558419 ... not found
00:20:07.558423 >>> requested option 33 (StaticRoute)
00:20:07.558426 ... not found
00:20:07.558429 >>> requested option 40 (NISDomain)
00:20:07.558432 ... not found
00:20:07.558435 >>> requested option 41 (NISServers)
00:20:07.558438 ... not found
00:20:07.558441 >>> requested option 42 (NTPServers)
00:20:07.558445 ... not found
00:20:07.558448 >>> requested option 119 (DomainSearch)
00:20:07.558451 ... not found
00:20:07.558454 >>> requested option 249 (unknown)
00:20:07.558457 ... not found
00:20:07.558460 >>> requested option 252 (unknown)
00:20:07.558463 ... not found
00:20:07.558466 >>> requested option 17 (RootPath)
00:20:07.558470 ... not found
00:20:07.558476 encoding option 1 (SubnetMask)
00:20:07.558479 encoding option 51 (LeaseTime)
00:20:07.558484 ACK xid 0x7fe73030 chaddr 08:00:27:fe:93:f0
00:20:07.558494  ciaddr 192.168.56.101 yiaddr 192.168.56.101
00:20:07.558504 encoded message: 548 bytes
00:20:07.558505 0000000001ce5a00/0000: 02 01 06 00 30 30 e7 7f-00 00 00 00 c0 a8 38 65 ....00........8e
00:20:07.558507 0000000001ce5a10/0010: c0 a8 38 65 00 00 00 00-00 00 00 00 08 00 27 fe ..8e..........'.
00:20:07.558509 0000000001ce5a20/0020: 93 f0 00 00 00 00 00 00-00 00 00 00 00 00 00 00 ................
00:20:07.558510 0000000001ce5a30/0030: 00 00 00 00 00 00 00 00-00 00 00 00 00 00 00 00 ................
00:20:07.558511 0000000001ce5a40/0040: 00 00 00 00 00 00 00 00-00 00 00 00 00 00 00 00 ................
00:20:07.558513 0000000001ce5a50/0050: 00 00 00 00 00 00 00 00-00 00 00 00 00 00 00 00 ................
00:20:07.558514 0000000001ce5a60/0060: 00 00 00 00 00 00 00 00-00 00 00 00 00 00 00 00 ................
00:20:07.558515 0000000001ce5a70/0070: 00 00 00 00 00 00 00 00-00 00 00 00 00 00 00 00 ................
00:20:07.558516 0000000001ce5a80/0080: 00 00 00 00 00 00 00 00-00 00 00 00 00 00 00 00 ................
00:20:07.558517 0000000001ce5a90/0090: 00 00 00 00 00 00 00 00-00 00 00 00 00 00 00 00 ................
00:20:07.558519 0000000001ce5aa0/00a0: 00 00 00 00 00 00 00 00-00 00 00 00 00 00 00 00 ................
00:20:07.558520 0000000001ce5ab0/00b0: 00 00 00 00 00 00 00 00-00 00 00 00 00 00 00 00 ................
00:20:07.558521 0000000001ce5ac0/00c0: 00 00 00 00 00 00 00 00-00 00 00 00 00 00 00 00 ................
00:20:07.558522 0000000001ce5ad0/00d0: 00 00 00 00 00 00 00 00-00 00 00 00 00 00 00 00 ................
00:20:07.558523 0000000001ce5ae0/00e0: 00 00 00 00 00 00 00 00-00 00 00 00 63 82 53 63 ............c.Sc
00:20:07.558525 0000000001ce5af0/00f0: 36 04 c0 a8 38 64 35 01-05 01 04 ff ff ff 00 33 6...8d5........3
00:20:07.558526 0000000001ce5b00/0100: 04 00 00 02 58 ff 00 00-00 00 00 00 00 00 00 00 ....X...........
00:20:07.558527 0000000001ce5b10/0110: 00 00 00 00 00 00 00 00-00 00 00 00 00 00 00 00 ................
00:20:07.558528 0000000001ce5b20/0120: 00 00 00 00 00 00 00 00-00 00 00 00 00 00 00 00 ................
00:20:07.558530 0000000001ce5b30/0130: 00 00 00 00 00 00 00 00-00 00 00 00 00 00 00 00 ................
00:20:07.558531 0000000001ce5b40/0140: 00 00 00 00 00 00 00 00-00 00 00 00 00 00 00 00 ................
00:20:07.558532 0000000001ce5b50/0150: 00 00 00 00 00 00 00 00-00 00 00 00 00 00 00 00 ................
00:20:07.558533 0000000001ce5b60/0160: 00 00 00 00 00 00 00 00-00 00 00 00 00 00 00 00 ................
00:20:07.558534 0000000001ce5b70/0170: 00 00 00 00 00 00 00 00-00 00 00 00 00 00 00 00 ................
00:20:07.558536 0000000001ce5b80/0180: 00 00 00 00 00 00 00 00-00 00 00 00 00 00 00 00 ................
00:20:07.558537 0000000001ce5b90/0190: 00 00 00 00 00 00 00 00-00 00 00 00 00 00 00 00 ................
00:20:07.558538 0000000001ce5ba0/01a0: 00 00 00 00 00 00 00 00-00 00 00 00 00 00 00 00 ................
00:20:07.558539 0000000001ce5bb0/01b0: 00 00 00 00 00 00 00 00-00 00 00 00 00 00 00 00 ................
00:20:07.558540 0000000001ce5bc0/01c0: 00 00 00 00 00 00 00 00-00 00 00 00 00 00 00 00 ................
00:20:07.558542 0000000001ce5bd0/01d0: 00 00 00 00 00 00 00 00-00 00 00 00 00 00 00 00 ................
00:20:07.558543 0000000001ce5be0/01e0: 00 00 00 00 00 00 00 00-00 00 00 00 00 00 00 00 ................
00:20:07.558544 0000000001ce5bf0/01f0: 00 00 00 00 00 00 00 00-00 00 00 00 00 00 00 00 ................
00:20:07.558545 0000000001ce5c00/0200: 00 00 00 00 00 00 00 00-00 00 00 00 00 00 00 00 ................
00:20:07.558546 0000000001ce5c10/0210: 00 00 00 00 00 00 00 00-00 00 00 00 00 00 00 00 ................
00:20:07.558547 0000000001ce5c20/0220: 00 00 00 00                                     ....
00:25:07.556460 REQUEST xid 0x25b680e3 chaddr 08:00:27:fe:93:f0
00:25:07.556546  ciaddr 192.168.56.101
00:25:07.556578  client id: 01 08 00 27 fe 93 f0
00:25:07.556599  params { 1 2 6 12 15 26 28 121 3 33 40 41 42 119 249 252 17 }
00:25:07.556829   12: 'alexey-VirtualBox'
00:25:07.556844   57: ff ff
00:25:07.556868 > allocateAddress to client [01:08:00:27:fe:93:f0] (08:00:27:fe:93:f0)
00:25:07.556902 > ... found existing binding 192.168.56.101 to [01:08:00:27:fe:93:f0] (08:00:27:fe:93:f0), acked, valid from 2020-10-15T08:25:00Z for 600s until 2020-10-15T08:35:00Z
00:25:07.557060 Lease time 600 secs (default)
00:25:07.557090 writing leases to C:\Users\zatonskikh\.VirtualBox\HostInterfaceNetworking-VirtualBox Host-Only Ethernet Adapter-Dhcpd.leases
00:25:07.598584 >>> requested option 1 (SubnetMask)
00:25:07.598609 ... always supplied
00:25:07.598619 >>> requested option 2 (TimeOffset)
00:25:07.598629 ... not found
00:25:07.598637 >>> requested option 6 (DNSes)
00:25:07.598646 ... not found
00:25:07.598655 >>> requested option 12 (HostName)
00:25:07.598668 ... not found
00:25:07.598677 >>> requested option 15 (DomainName)
00:25:07.598686 ... not found
00:25:07.598695 >>> requested option 26 (InterfaceMTU)
00:25:07.598704 ... not found
00:25:07.598712 >>> requested option 28 (BroadcastAddress)
00:25:07.598721 ... not found
00:25:07.598729 >>> requested option 121 (unknown)
00:25:07.598739 ... not found
00:25:07.598748 >>> requested option 3 (Routers)
00:25:07.598757 ... not found
00:25:07.598766 >>> requested option 33 (StaticRoute)
00:25:07.598775 ... not found
00:25:07.598783 >>> requested option 40 (NISDomain)
00:25:07.598792 ... not found
00:25:07.598800 >>> requested option 41 (NISServers)
00:25:07.598809 ... not found
00:25:07.598818 >>> requested option 42 (NTPServers)
00:25:07.598827 ... not found
00:25:07.598836 >>> requested option 119 (DomainSearch)
00:25:07.598845 ... not found
00:25:07.598853 >>> requested option 249 (unknown)
00:25:07.598862 ... not found
00:25:07.598870 >>> requested option 252 (unknown)
00:25:07.598879 ... not found
00:25:07.598888 >>> requested option 17 (RootPath)
00:25:07.598897 ... not found
00:25:07.598915 encoding option 1 (SubnetMask)
00:25:07.598925 encoding option 51 (LeaseTime)
00:25:07.598938 ACK xid 0x25b680e3 chaddr 08:00:27:fe:93:f0
00:25:07.598969  ciaddr 192.168.56.101 yiaddr 192.168.56.101
00:25:07.598998 encoded message: 548 bytes
00:25:07.599001 0000000001d066e0/0000: 02 01 06 00 e3 80 b6 25-00 00 00 00 c0 a8 38 65 .......%......8e
00:25:07.599006 0000000001d066f0/0010: c0 a8 38 65 00 00 00 00-00 00 00 00 08 00 27 fe ..8e..........'.
00:25:07.599010 0000000001d06700/0020: 93 f0 00 00 00 00 00 00-00 00 00 00 00 00 00 00 ................
00:25:07.599014 0000000001d06710/0030: 00 00 00 00 00 00 00 00-00 00 00 00 00 00 00 00 ................
00:25:07.599017 0000000001d06720/0040: 00 00 00 00 00 00 00 00-00 00 00 00 00 00 00 00 ................
00:25:07.599021 0000000001d06730/0050: 00 00 00 00 00 00 00 00-00 00 00 00 00 00 00 00 ................
00:25:07.599024 0000000001d06740/0060: 00 00 00 00 00 00 00 00-00 00 00 00 00 00 00 00 ................
00:25:07.599028 0000000001d06750/0070: 00 00 00 00 00 00 00 00-00 00 00 00 00 00 00 00 ................
00:25:07.599031 0000000001d06760/0080: 00 00 00 00 00 00 00 00-00 00 00 00 00 00 00 00 ................
00:25:07.599034 0000000001d06770/0090: 00 00 00 00 00 00 00 00-00 00 00 00 00 00 00 00 ................
00:25:07.599038 0000000001d06780/00a0: 00 00 00 00 00 00 00 00-00 00 00 00 00 00 00 00 ................
00:25:07.599041 0000000001d06790/00b0: 00 00 00 00 00 00 00 00-00 00 00 00 00 00 00 00 ................
00:25:07.599044 0000000001d067a0/00c0: 00 00 00 00 00 00 00 00-00 00 00 00 00 00 00 00 ................
00:25:07.599047 0000000001d067b0/00d0: 00 00 00 00 00 00 00 00-00 00 00 00 00 00 00 00 ................
00:25:07.599051 0000000001d067c0/00e0: 00 00 00 00 00 00 00 00-00 00 00 00 63 82 53 63 ............c.Sc
00:25:07.599054 0000000001d067d0/00f0: 36 04 c0 a8 38 64 35 01-05 01 04 ff ff ff 00 33 6...8d5........3
00:25:07.599058 0000000001d067e0/0100: 04 00 00 02 58 ff 00 00-00 00 00 00 00 00 00 00 ....X...........
00:25:07.599061 0000000001d067f0/0110: 00 00 00 00 00 00 00 00-00 00 00 00 00 00 00 00 ................
00:25:07.599065 0000000001d06800/0120: 00 00 00 00 00 00 00 00-00 00 00 00 00 00 00 00 ................
00:25:07.599068 0000000001d06810/0130: 00 00 00 00 00 00 00 00-00 00 00 00 00 00 00 00 ................
00:25:07.599071 0000000001d06820/0140: 00 00 00 00 00 00 00 00-00 00 00 00 00 00 00 00 ................
00:25:07.599075 0000000001d06830/0150: 00 00 00 00 00 00 00 00-00 00 00 00 00 00 00 00 ................
00:25:07.599078 0000000001d06840/0160: 00 00 00 00 00 00 00 00-00 00 00 00 00 00 00 00 ................
00:25:07.599081 0000000001d06850/0170: 00 00 00 00 00 00 00 00-00 00 00 00 00 00 00 00 ................
00:25:07.599084 0000000001d06860/0180: 00 00 00 00 00 00 00 00-00 00 00 00 00 00 00 00 ................
00:25:07.599088 0000000001d06870/0190: 00 00 00 00 00 00 00 00-00 00 00 00 00 00 00 00 ................
00:25:07.599091 0000000001d06880/01a0: 00 00 00 00 00 00 00 00-00 00 00 00 00 00 00 00 ................
00:25:07.599094 0000000001d06890/01b0: 00 00 00 00 00 00 00 00-00 00 00 00 00 00 00 00 ................
00:25:07.599098 0000000001d068a0/01c0: 00 00 00 00 00 00 00 00-00 00 00 00 00 00 00 00 ................
00:25:07.599101 0000000001d068b0/01d0: 00 00 00 00 00 00 00 00-00 00 00 00 00 00 00 00 ................
00:25:07.599104 0000000001d068c0/01e0: 00 00 00 00 00 00 00 00-00 00 00 00 00 00 00 00 ................
00:25:07.599107 0000000001d068d0/01f0: 00 00 00 00 00 00 00 00-00 00 00 00 00 00 00 00 ................
00:25:07.599111 0000000001d068e0/0200: 00 00 00 00 00 00 00 00-00 00 00 00 00 00 00 00 ................
00:25:07.599114 0000000001d068f0/0210: 00 00 00 00 00 00 00 00-00 00 00 00 00 00 00 00 ................
00:25:07.599117 0000000001d06900/0220: 00 00 00 00                                     ....
00:30:07.556433 REQUEST xid 0x54a1f992 chaddr 08:00:27:fe:93:f0
00:30:07.556536  ciaddr 192.168.56.101
00:30:07.556568  client id: 01 08 00 27 fe 93 f0
00:30:07.556589  params { 1 2 6 12 15 26 28 121 3 33 40 41 42 119 249 252 17 }
00:30:07.556812   12: 'alexey-VirtualBox'
00:30:07.556826   57: ff ff
00:30:07.556849 > allocateAddress to client [01:08:00:27:fe:93:f0] (08:00:27:fe:93:f0)
00:30:07.556876 > ... found existing binding 192.168.56.101 to [01:08:00:27:fe:93:f0] (08:00:27:fe:93:f0), acked, valid from 2020-10-15T08:30:00Z for 600s until 2020-10-15T08:40:00Z
00:30:07.556910 Lease time 600 secs (default)
00:30:07.556930 writing leases to C:\Users\zatonskikh\.VirtualBox\HostInterfaceNetworking-VirtualBox Host-Only Ethernet Adapter-Dhcpd.leases
00:30:07.599385 >>> requested option 1 (SubnetMask)
00:30:07.599415 ... always supplied
00:30:07.599428 >>> requested option 2 (TimeOffset)
00:30:07.599440 ... not found
00:30:07.599452 >>> requested option 6 (DNSes)
00:30:07.599464 ... not found
00:30:07.599474 >>> requested option 12 (HostName)
00:30:07.599486 ... not found
00:30:07.599497 >>> requested option 15 (DomainName)
00:30:07.599508 ... not found
00:30:07.599519 >>> requested option 26 (InterfaceMTU)
00:30:07.599530 ... not found
00:30:07.599542 >>> requested option 28 (BroadcastAddress)
00:30:07.599554 ... not found
00:30:07.599565 >>> requested option 121 (unknown)
00:30:07.599576 ... not found
00:30:07.599587 >>> requested option 3 (Routers)
00:30:07.599598 ... not found
00:30:07.599609 >>> requested option 33 (StaticRoute)
00:30:07.599621 ... not found
00:30:07.599632 >>> requested option 40 (NISDomain)
00:30:07.599644 ... not found
00:30:07.599655 >>> requested option 41 (NISServers)
00:30:07.599667 ... not found
00:30:07.599678 >>> requested option 42 (NTPServers)
00:30:07.599689 ... not found
00:30:07.599699 >>> requested option 119 (DomainSearch)
00:30:07.599711 ... not found
00:30:07.599722 >>> requested option 249 (unknown)
00:30:07.599734 ... not found
00:30:07.599746 >>> requested option 252 (unknown)
00:30:07.599757 ... not found
00:30:07.599768 >>> requested option 17 (RootPath)
00:30:07.599779 ... not found
00:30:07.599801 encoding option 1 (SubnetMask)
00:30:07.599814 encoding option 51 (LeaseTime)
00:30:07.599831 ACK xid 0x54a1f992 chaddr 08:00:27:fe:93:f0
00:30:07.599870  ciaddr 192.168.56.101 yiaddr 192.168.56.101
00:30:07.599906 encoded message: 548 bytes
00:30:07.599909 0000000001ce5a00/0000: 02 01 06 00 92 f9 a1 54-00 00 00 00 c0 a8 38 65 .......T......8e
00:30:07.599917 0000000001ce5a10/0010: c0 a8 38 65 00 00 00 00-00 00 00 00 08 00 27 fe ..8e..........'.
00:30:07.599922 0000000001ce5a20/0020: 93 f0 00 00 00 00 00 00-00 00 00 00 00 00 00 00 ................
00:30:07.599926 0000000001ce5a30/0030: 00 00 00 00 00 00 00 00-00 00 00 00 00 00 00 00 ................
00:30:07.599931 0000000001ce5a40/0040: 00 00 00 00 00 00 00 00-00 00 00 00 00 00 00 00 ................
00:30:07.599935 0000000001ce5a50/0050: 00 00 00 00 00 00 00 00-00 00 00 00 00 00 00 00 ................
00:30:07.599939 0000000001ce5a60/0060: 00 00 00 00 00 00 00 00-00 00 00 00 00 00 00 00 ................
00:30:07.599944 0000000001ce5a70/0070: 00 00 00 00 00 00 00 00-00 00 00 00 00 00 00 00 ................
00:30:07.599948 0000000001ce5a80/0080: 00 00 00 00 00 00 00 00-00 00 00 00 00 00 00 00 ................
00:30:07.599952 0000000001ce5a90/0090: 00 00 00 00 00 00 00 00-00 00 00 00 00 00 00 00 ................
00:30:07.599957 0000000001ce5aa0/00a0: 00 00 00 00 00 00 00 00-00 00 00 00 00 00 00 00 ................
00:30:07.599961 0000000001ce5ab0/00b0: 00 00 00 00 00 00 00 00-00 00 00 00 00 00 00 00 ................
00:30:07.599965 0000000001ce5ac0/00c0: 00 00 00 00 00 00 00 00-00 00 00 00 00 00 00 00 ................
00:30:07.599969 0000000001ce5ad0/00d0: 00 00 00 00 00 00 00 00-00 00 00 00 00 00 00 00 ................
00:30:07.599974 0000000001ce5ae0/00e0: 00 00 00 00 00 00 00 00-00 00 00 00 63 82 53 63 ............c.Sc
00:30:07.599978 0000000001ce5af0/00f0: 36 04 c0 a8 38 64 35 01-05 01 04 ff ff ff 00 33 6...8d5........3
00:30:07.599983 0000000001ce5b00/0100: 04 00 00 02 58 ff 00 00-00 00 00 00 00 00 00 00 ....X...........
00:30:07.599987 0000000001ce5b10/0110: 00 00 00 00 00 00 00 00-00 00 00 00 00 00 00 00 ................
00:30:07.599992 0000000001ce5b20/0120: 00 00 00 00 00 00 00 00-00 00 00 00 00 00 00 00 ................
00:30:07.599996 0000000001ce5b30/0130: 00 00 00 00 00 00 00 00-00 00 00 00 00 00 00 00 ................
00:30:07.600000 0000000001ce5b40/0140: 00 00 00 00 00 00 00 00-00 00 00 00 00 00 00 00 ................
00:30:07.600005 0000000001ce5b50/0150: 00 00 00 00 00 00 00 00-00 00 00 00 00 00 00 00 ................
00:30:07.600009 0000000001ce5b60/0160: 00 00 00 00 00 00 00 00-00 00 00 00 00 00 00 00 ................
00:30:07.600013 0000000001ce5b70/0170: 00 00 00 00 00 00 00 00-00 00 00 00 00 00 00 00 ................
00:30:07.600017 0000000001ce5b80/0180: 00 00 00 00 00 00 00 00-00 00 00 00 00 00 00 00 ................
00:30:07.600022 0000000001ce5b90/0190: 00 00 00 00 00 00 00 00-00 00 00 00 00 00 00 00 ................
00:30:07.600026 0000000001ce5ba0/01a0: 00 00 00 00 00 00 00 00-00 00 00 00 00 00 00 00 ................
00:30:07.600030 0000000001ce5bb0/01b0: 00 00 00 00 00 00 00 00-00 00 00 00 00 00 00 00 ................
00:30:07.600034 0000000001ce5bc0/01c0: 00 00 00 00 00 00 00 00-00 00 00 00 00 00 00 00 ................
00:30:07.600039 0000000001ce5bd0/01d0: 00 00 00 00 00 00 00 00-00 00 00 00 00 00 00 00 ................
00:30:07.600043 0000000001ce5be0/01e0: 00 00 00 00 00 00 00 00-00 00 00 00 00 00 00 00 ................
00:30:07.600047 0000000001ce5bf0/01f0: 00 00 00 00 00 00 00 00-00 00 00 00 00 00 00 00 ................
00:30:07.600051 0000000001ce5c00/0200: 00 00 00 00 00 00 00 00-00 00 00 00 00 00 00 00 ................
00:30:07.600056 0000000001ce5c10/0210: 00 00 00 00 00 00 00 00-00 00 00 00 00 00 00 00 ................
00:30:07.600060 0000000001ce5c20/0220: 00 00 00 00                                     ....
