98:30:36.633219 USBPROXY Log continuation - Log started 2020-10-15T08:02:24.985339500Z
98:30:36.636769 USBPROXY Getting USB descriptor (id 0) failed (dwErr=31) on hub USB#VID_0451&PID_8342#MSFT205A070079A0B6#{f18a0e88-c30c-11d0-8815-00a0c906bed8} port 5
98:30:36.650609 USBPROXY Getting USB descriptor (id 0) failed (dwErr=31) on hub USB#VID_0451&PID_8342#MSFT200B070849A0B6#{f18a0e88-c30c-11d0-8815-00a0c906bed8} port 5
98:30:36.650725 USBPROXY Getting USB descriptor (id 0) failed (dwErr=31) on hub USB#ROOT_HUB30#4&39859962&0&0#{f18a0e88-c30c-11d0-8815-00a0c906bed8} port 10
98:30:36.650805 USBPROXY Getting USB descriptor (id 0) failed (dwErr=31) on hub USB#ROOT_HUB30#4&39859962&0&0#{f18a0e88-c30c-11d0-8815-00a0c906bed8} port 11
98:30:36.651619 USBPROXY Getting USB descriptor (id 0) failed (dwErr=31) on hub USB#ROOT_HUB30#4&39859962&0&0#{f18a0e88-c30c-11d0-8815-00a0c906bed8} port 14
98:30:36.652204 USBPROXY usbLibGetDevices: Found 10 USB devices, 0 captured
98:38:14.262147 USBPROXY usbLibGetDevices: Starting USB device enumeration
98:38:14.265308 USBPROXY Getting USB descriptor (id 0) failed (dwErr=31) on hub USB#VID_0451&PID_8342#MSFT205A070079A0B6#{f18a0e88-c30c-11d0-8815-00a0c906bed8} port 5
98:38:14.277676 USBPROXY Getting USB descriptor (id 0) failed (dwErr=31) on hub USB#VID_0451&PID_8342#MSFT200B070849A0B6#{f18a0e88-c30c-11d0-8815-00a0c906bed8} port 5
98:38:14.277749 USBPROXY Getting USB descriptor (id 0) failed (dwErr=31) on hub USB#ROOT_HUB30#4&39859962&0&0#{f18a0e88-c30c-11d0-8815-00a0c906bed8} port 10
98:38:14.277808 USBPROXY Getting USB descriptor (id 0) failed (dwErr=31) on hub USB#ROOT_HUB30#4&39859962&0&0#{f18a0e88-c30c-11d0-8815-00a0c906bed8} port 11
98:38:14.277867 USBPROXY Getting USB descriptor (id 0) failed (dwErr=31) on hub USB#ROOT_HUB30#4&39859962&0&0#{f18a0e88-c30c-11d0-8815-00a0c906bed8} port 14
98:38:14.278418 USBPROXY usbLibGetDevices: Found 10 USB devices, 0 captured
98:38:34.430139 USBPROXY usbLibGetDevices: Starting USB device enumeration
98:38:34.433317 USBPROXY Getting USB descriptor (id 0) failed (dwErr=31) on hub USB#VID_0451&PID_8342#MSFT205A070079A0B6#{f18a0e88-c30c-11d0-8815-00a0c906bed8} port 5
98:38:34.445799 USBPROXY Getting USB descriptor (id 0) failed (dwErr=31) on hub USB#VID_0451&PID_8342#MSFT200B070849A0B6#{f18a0e88-c30c-11d0-8815-00a0c906bed8} port 5
98:38:34.445868 USBPROXY Getting USB descriptor (id 0) failed (dwErr=31) on hub USB#ROOT_HUB30#4&39859962&0&0#{f18a0e88-c30c-11d0-8815-00a0c906bed8} port 10
98:38:34.445910 USBPROXY Getting USB descriptor (id 0) failed (dwErr=31) on hub USB#ROOT_HUB30#4&39859962&0&0#{f18a0e88-c30c-11d0-8815-00a0c906bed8} port 11
98:38:34.445955 USBPROXY Getting USB descriptor (id 0) failed (dwErr=31) on hub USB#ROOT_HUB30#4&39859962&0&0#{f18a0e88-c30c-11d0-8815-00a0c906bed8} port 14
98:38:34.446330 USBPROXY usbLibGetDevices: Found 10 USB devices, 0 captured
99:21:20.512153 dns-monitor HostDnsMonitor: updating information
99:21:20.512205 dns-monitor HostDnsMonitor: unchanged
99:21:27.553356 USBPROXY usbLibGetDevices: Starting USB device enumeration
99:21:27.556583 USBPROXY Getting USB descriptor (id 0) failed (dwErr=31) on hub USB#VID_0451&PID_8342#MSFT205A070079A0B6#{f18a0e88-c30c-11d0-8815-00a0c906bed8} port 5
99:21:27.570261 USBPROXY Getting USB descriptor (id 0) failed (dwErr=31) on hub USB#VID_0451&PID_8342#MSFT200B070849A0B6#{f18a0e88-c30c-11d0-8815-00a0c906bed8} port 5
99:21:27.589517 USBPROXY Getting USB descriptor (id 0) failed (dwErr=31) on hub USB#ROOT_HUB30#4&39859962&0&0#{f18a0e88-c30c-11d0-8815-00a0c906bed8} port 11
99:21:27.590328 USBPROXY usbLibGetDevices: Found 10 USB devices, 0 captured
99:54:26.803098 USBPROXY usbLibGetDevices: Starting USB device enumeration
99:54:26.806416 USBPROXY Getting USB descriptor (id 0) failed (dwErr=31) on hub USB#VID_0451&PID_8342#MSFT205A070079A0B6#{f18a0e88-c30c-11d0-8815-00a0c906bed8} port 5
99:54:26.818678 USBPROXY Getting USB descriptor (id 0) failed (dwErr=31) on hub USB#VID_0451&PID_8342#MSFT200B070849A0B6#{f18a0e88-c30c-11d0-8815-00a0c906bed8} port 5
99:54:26.818741 USBPROXY Getting USB descriptor (id 0) failed (dwErr=31) on hub USB#ROOT_HUB30#4&39859962&0&0#{f18a0e88-c30c-11d0-8815-00a0c906bed8} port 10
99:54:26.818815 USBPROXY Getting USB descriptor (id 0) failed (dwErr=31) on hub USB#ROOT_HUB30#4&39859962&0&0#{f18a0e88-c30c-11d0-8815-00a0c906bed8} port 11
99:54:26.818860 USBPROXY Getting USB descriptor (id 0) failed (dwErr=31) on hub USB#ROOT_HUB30#4&39859962&0&0#{f18a0e88-c30c-11d0-8815-00a0c906bed8} port 14
99:54:26.819306 USBPROXY usbLibGetDevices: Found 10 USB devices, 0 captured
99:54:26.819349 USBPROXY USB: Unknown USB device detected (idVendor: 0x0a5c, idProduct: 0x5842)
99:57:56.070861 USBPROXY usbLibGetDevices: Starting USB device enumeration
99:57:56.074163 USBPROXY Getting USB descriptor (id 0) failed (dwErr=31) on hub USB#VID_0451&PID_8342#MSFT205A070079A0B6#{f18a0e88-c30c-11d0-8815-00a0c906bed8} port 5
99:57:56.086445 USBPROXY Getting USB descriptor (id 0) failed (dwErr=31) on hub USB#VID_0451&PID_8342#MSFT200B070849A0B6#{f18a0e88-c30c-11d0-8815-00a0c906bed8} port 5
99:57:56.086504 USBPROXY Getting USB descriptor (id 0) failed (dwErr=31) on hub USB#ROOT_HUB30#4&39859962&0&0#{f18a0e88-c30c-11d0-8815-00a0c906bed8} port 10
99:57:56.086547 USBPROXY Getting USB descriptor (id 0) failed (dwErr=31) on hub USB#ROOT_HUB30#4&39859962&0&0#{f18a0e88-c30c-11d0-8815-00a0c906bed8} port 11
99:57:56.086591 USBPROXY Getting USB descriptor (id 0) failed (dwErr=31) on hub USB#ROOT_HUB30#4&39859962&0&0#{f18a0e88-c30c-11d0-8815-00a0c906bed8} port 14
99:57:56.087019 USBPROXY usbLibGetDevices: Found 10 USB devices, 0 captured
100:09:48.884095 USBPROXY usbLibGetDevices: Starting USB device enumeration
100:09:48.888028 USBPROXY Getting USB descriptor (id 0) failed (dwErr=31) on hub USB#VID_0451&PID_8342#MSFT205A070079A0B6#{f18a0e88-c30c-11d0-8815-00a0c906bed8} port 5
100:09:48.900680 USBPROXY Getting USB descriptor (id 0) failed (dwErr=31) on hub USB#VID_0451&PID_8342#MSFT200B070849A0B6#{f18a0e88-c30c-11d0-8815-00a0c906bed8} port 5
100:09:48.900747 USBPROXY Getting USB descriptor (id 0) failed (dwErr=31) on hub USB#ROOT_HUB30#4&39859962&0&0#{f18a0e88-c30c-11d0-8815-00a0c906bed8} port 10
100:09:49.236511 USBPROXY Getting USB descriptor (id 0) failed (dwErr=31) on hub USB#ROOT_HUB30#4&39859962&0&0#{f18a0e88-c30c-11d0-8815-00a0c906bed8} port 14
100:09:49.236964 USBPROXY usbLibGetDevices: Found 10 USB devices, 0 captured
100:10:37.380196 USBPROXY usbLibGetDevices: Starting USB device enumeration
100:10:37.383866 USBPROXY Getting USB descriptor (id 0) failed (dwErr=31) on hub USB#VID_0451&PID_8342#MSFT205A070079A0B6#{f18a0e88-c30c-11d0-8815-00a0c906bed8} port 5
100:10:37.395871 USBPROXY Getting USB descriptor (id 0) failed (dwErr=31) on hub USB#VID_0451&PID_8342#MSFT200B070849A0B6#{f18a0e88-c30c-11d0-8815-00a0c906bed8} port 5
100:10:37.395938 USBPROXY Getting USB descriptor (id 0) failed (dwErr=31) on hub USB#ROOT_HUB30#4&39859962&0&0#{f18a0e88-c30c-11d0-8815-00a0c906bed8} port 10
100:10:37.395977 USBPROXY Getting USB descriptor (id 0) failed (dwErr=31) on hub USB#ROOT_HUB30#4&39859962&0&0#{f18a0e88-c30c-11d0-8815-00a0c906bed8} port 11
100:10:37.396016 USBPROXY Getting USB descriptor (id 0) failed (dwErr=31) on hub USB#ROOT_HUB30#4&39859962&0&0#{f18a0e88-c30c-11d0-8815-00a0c906bed8} port 14
100:10:37.396512 USBPROXY usbLibGetDevices: Found 10 USB devices, 0 captured
100:51:40.998339          Saving settings file "C:\Users\zatonskikh\.VirtualBox\VirtualBox.xml" with version "1.12-windows"
100:51:41.006559          Saving settings file "C:\Users\zatonskikh\.VirtualBox\VirtualBox.xml" with version "1.12-windows"
100:51:41.010034          Saving settings file "C:\Users\zatonskikh\.VirtualBox\VirtualBox.xml" with version "1.12-windows"
100:51:46.529425 main     VirtualBox: object deletion starts
100:51:46.530001 main     ERROR [COM]: aRC=VBOX_E_OBJECT_IN_USE (0x80bb000c) aIID={ad47ad09-787b-44ab-b343-a082a3f2dfb1} aComponent={MediumWrap} aText={Medium 'C:\Users\zatonskikh\VirtualBox VMs\VM_Ubuntu\VM_Ubuntu.vdi' cannot be closed because it is still attached to 1 virtual machines}, preserve=false aResultDetail=0
100:51:46.533517 main     NetworkServiceRunning: killing VBoxNetDHCP.exe, pid 00000a1c...
100:51:46.535187 main     HostDnsMonitor: shutting down ...
100:51:46.535209 main     HostDnsMonitor: shut down
100:51:46.536765 Watcher  ERROR [COM]: aRC=E_ACCESSDENIED (0x80070005) aIID={d0a0163f-e254-4e5b-a1f2-011cf991c38d} aComponent={VirtualBoxWrap} aText={The object is not ready}, preserve=false aResultDetail=0
100:51:46.537324 main     VirtualBox: object deleted
